<?xml version="1.0" encoding="UTF-8"?>
<!-- Generated by org.testng.reporters.JUnitReportReporter -->
<testsuite hostname="HIH-D-5351" name="BeanUtilsTest" tests="1" failures="0" timestamp="15 Feb 2017 02:52:47 GMT" time="0.034" errors="0">
  <testcase name="test1" time="0.034" classname="BeanUtilsTest"/>
</testsuite> <!-- BeanUtilsTest -->
