<?xml version="1.0" encoding="UTF-8"?>
<!-- Generated by org.testng.reporters.JUnitReportReporter -->
<testsuite hostname="HIH-D-5351" name="MockMvcControllerTest" tests="4" failures="0" timestamp="28 Feb 2017 09:06:00 GMT" time="0.905" errors="0">
  <testcase name="getName" time="0.015" classname="MockMvcControllerTest"/>
  <testcase name="getCompany" time="0.009" classname="MockMvcControllerTest"/>
  <testcase name="addCompany" time="0.782" classname="MockMvcControllerTest"/>
  <testcase name="getUser" time="0.099" classname="MockMvcControllerTest"/>
</testsuite> <!-- MockMvcControllerTest -->
